<?xml version="1.0" encoding="UTF-8"?>
<!-- Generated by org.testng.reporters.JUnitXMLReporter -->
<testsuite ignored="0" hostname="DESKTOP-LDBMULO" failures="1" tests="2" name="OpencartTest" time="34.108" errors="0" timestamp="2023-04-10T11:32:51 CDT">
  <testcase classname="testCases.TC_001_AccountRegistrationTest" name="test_accountRegistration" time="6.597"/>
  <testcase classname="testCases.TC_002_LoginTest" name="test_Login" time="11.247">
    <failure type="java.lang.AssertionError" message="expected [true] but found [false]">
      <![CDATA[java.lang.AssertionError: expected [true] but found [false]
at testCases.TC_002_LoginTest.test_Login(TC_002_LoginTest.java:38)
at java.base/java.util.ArrayList.forEach(ArrayList.java:1541)
... Removed 37 stack frames]]>
    </failure>
  </testcase> <!-- test_Login -->
</testsuite> <!-- OpencartTest -->
