<?xml version="1.0" encoding="UTF-8"?>
<!-- Generated by org.testng.reporters.JUnitXMLReporter -->
<testsuite ignored="0" hostname="DESKTOP-LDBMULO" failures="1" tests="2" name="OpencartTest" time="14.61" errors="0" timestamp="2022-11-23T01:16:18 CST">
  <testcase classname="testCases.TC_001_AccountRegistrationTest" name="test_accountRegistration" time="5.965">
    <failure type="java.lang.AssertionError" message="expected [Your Account Has Been Created!++] but found [Your Account Has Been Created!]">
      <![CDATA[java.lang.AssertionError: expected [Your Account Has Been Created!++] but found [Your Account Has Been Created!]
at testCases.TC_001_AccountRegistrationTest.test_accountRegistration(TC_001_AccountRegistrationTest.java:62)
at java.base/java.util.ArrayList.forEach(ArrayList.java:1541)
... Removed 33 stack frames]]>
    </failure>
  </testcase> <!-- test_accountRegistration -->
  <testcase classname="testCases.TC_002_LoginTest" name="test_Login" time="1.052"/>
</testsuite> <!-- OpencartTest -->
